2026-02-04 21:08:37.068 [info] [main] Log level: Info
2026-02-04 21:08:37.068 [info] [main] Validating found git in: "git"
2026-02-04 21:08:37.068 [info] [main] Using git "2.52.0" from "git"
2026-02-04 21:08:37.068 [info] [Model][doInitialScan] Initial repository scan started
2026-02-04 21:08:37.068 [info] > git rev-parse --show-toplevel [2ms]
2026-02-04 21:08:37.068 [info] fatal: not a git repository (or any of the parent directories): .git
2026-02-04 21:08:37.068 [info] > git rev-parse --show-toplevel [2ms]
2026-02-04 21:08:37.068 [info] fatal: not a git repository (or any of the parent directories): .git
2026-02-04 21:08:37.068 [info] > git rev-parse --show-toplevel [0ms]
2026-02-04 21:08:37.068 [info] fatal: not a git repository (or any of the parent directories): .git
2026-02-04 21:08:37.068 [info] > git rev-parse --show-toplevel [1ms]
2026-02-04 21:08:37.068 [info] fatal: not a git repository (or any of the parent directories): .git
2026-02-04 21:08:37.074 [info] > git rev-parse --show-toplevel [4ms]
2026-02-04 21:08:37.074 [info] fatal: not a git repository (or any of the parent directories): .git
2026-02-04 21:08:37.089 [info] > git rev-parse --show-toplevel [13ms]
2026-02-04 21:08:37.089 [info] fatal: not a git repository (or any of the parent directories): .git
2026-02-04 21:08:37.094 [info] > git rev-parse --show-toplevel [1ms]
2026-02-04 21:08:37.094 [info] fatal: not a git repository (or any of the parent directories): .git
2026-02-04 21:08:37.096 [info] > git rev-parse --show-toplevel [0ms]
2026-02-04 21:08:37.096 [info] fatal: not a git repository (or any of the parent directories): .git
2026-02-04 21:08:37.099 [info] > git rev-parse --show-toplevel [1ms]
2026-02-04 21:08:37.099 [info] fatal: not a git repository (or any of the parent directories): .git
2026-02-04 21:08:37.102 [info] > git rev-parse --show-toplevel [1ms]
2026-02-04 21:08:37.102 [info] fatal: not a git repository (or any of the parent directories): .git
2026-02-04 21:08:37.104 [info] > git rev-parse --show-toplevel [1ms]
2026-02-04 21:08:37.104 [info] fatal: not a git repository (or any of the parent directories): .git
2026-02-04 21:08:37.106 [info] > git rev-parse --show-toplevel [0ms]
2026-02-04 21:08:37.106 [info] fatal: not a git repository (or any of the parent directories): .git
2026-02-04 21:08:37.109 [info] > git rev-parse --show-toplevel [1ms]
2026-02-04 21:08:37.109 [info] fatal: not a git repository (or any of the parent directories): .git
2026-02-04 21:08:37.111 [info] > git rev-parse --show-toplevel [1ms]
2026-02-04 21:08:37.111 [info] fatal: not a git repository (or any of the parent directories): .git
2026-02-04 21:08:37.114 [info] > git rev-parse --show-toplevel [0ms]
2026-02-04 21:08:37.114 [info] fatal: not a git repository (or any of the parent directories): .git
2026-02-04 21:08:37.116 [info] > git rev-parse --show-toplevel [0ms]
2026-02-04 21:08:37.116 [info] fatal: not a git repository (or any of the parent directories): .git
2026-02-04 21:08:37.119 [info] > git rev-parse --show-toplevel [1ms]
2026-02-04 21:08:37.119 [info] fatal: not a git repository (or any of the parent directories): .git
2026-02-04 21:08:37.122 [info] > git rev-parse --show-toplevel [1ms]
2026-02-04 21:08:37.122 [info] fatal: not a git repository (or any of the parent directories): .git
2026-02-04 21:08:37.124 [info] > git rev-parse --show-toplevel [0ms]
2026-02-04 21:08:37.125 [info] fatal: not a git repository (or any of the parent directories): .git
2026-02-04 21:08:37.127 [info] > git rev-parse --show-toplevel [0ms]
2026-02-04 21:08:37.127 [info] fatal: not a git repository (or any of the parent directories): .git
2026-02-04 21:08:37.131 [info] > git rev-parse --show-toplevel [1ms]
2026-02-04 21:08:37.131 [info] fatal: not a git repository (or any of the parent directories): .git
2026-02-04 21:08:37.135 [info] > git rev-parse --show-toplevel [1ms]
2026-02-04 21:08:37.135 [info] fatal: not a git repository (or any of the parent directories): .git
2026-02-04 21:08:37.136 [info] [Model][doInitialScan] Initial repository scan completed - repositories (0), closed repositories (0), parent repositories (0), unsafe repositories (0)
2026-02-04 21:08:38.868 [info] > git rev-parse --show-toplevel [1ms]
2026-02-04 21:08:38.868 [info] fatal: not a git repository (or any of the parent directories): .git
2026-02-04 22:47:04.529 [info] > git rev-parse --show-toplevel [1ms]
2026-02-04 22:47:04.529 [info] fatal: not a git repository (or any of the parent directories): .git
2026-02-04 23:11:34.481 [info] > git rev-parse --show-toplevel [2ms]
2026-02-04 23:11:34.492 [info] > git rev-parse --git-dir --git-common-dir --show-superproject-working-tree [7ms]
2026-02-04 23:11:34.504 [info] [Model][openRepository] Opened repository (path): /home/danny/.config
2026-02-04 23:11:34.504 [info] [Model][openRepository] Opened repository (real path): /home/danny/.config
2026-02-04 23:11:34.504 [info] [Model][openRepository] Opened repository (kind): repository
2026-02-04 23:11:34.509 [info] [Git][getRemotes] No remotes found in the git config file
2026-02-04 23:11:34.510 [info] > git config --get commit.template [3ms]
2026-02-04 23:11:34.511 [info] > git for-each-ref --format=%(refname)%00%(upstream:short)%00%(objectname)%00%(upstream:track)%00%(upstream:remotename)%00%(upstream:remoteref) refs/heads/master refs/remotes/master [2ms]
2026-02-04 23:11:34.511 [warning] [Git][getBranch] No such branch: master
2026-02-04 23:11:34.517 [info] > git for-each-ref --sort -committerdate --format %(refname)%00%(objectname)%00%(*objectname) [0ms]
2026-02-04 23:11:34.526 [info] > git status -z -uall [12ms]
2026-02-04 23:11:34.570 [info] > git for-each-ref --format=%(refname)%00%(upstream:short)%00%(objectname)%00%(upstream:track)%00%(upstream:remotename)%00%(upstream:remoteref) refs/heads/master refs/remotes/master [4ms]
2026-02-04 23:11:34.570 [warning] [Git][getBranch] No such branch: master
2026-02-04 23:11:34.570 [error] [GitHistoryProvider][resolveHEADMergeBase] Failed to resolve merge base for master: Error: No such branch: master.
2026-02-04 23:11:34.571 [info] > git config --get commit.template [1ms]
2026-02-04 23:11:34.573 [info] [Git][getRemotes] No remotes found in the git config file
2026-02-04 23:11:34.574 [info] > git for-each-ref --format=%(refname)%00%(upstream:short)%00%(objectname)%00%(upstream:track)%00%(upstream:remotename)%00%(upstream:remoteref) refs/heads/master refs/remotes/master [1ms]
2026-02-04 23:11:34.574 [warning] [Git][getBranch] No such branch: master
2026-02-04 23:11:34.578 [info] > git for-each-ref --sort -committerdate --format %(refname)%00%(objectname)%00%(*objectname) [0ms]
2026-02-04 23:11:34.585 [info] > git status -z -uall [9ms]
2026-02-04 23:11:35.019 [info] > git check-ignore -v -z --stdin [1ms]
