2026-02-02 19:35:43.076 [info] [main] Log level: Info
2026-02-02 19:35:43.076 [info] [main] Validating found git in: "git"
2026-02-02 19:35:43.076 [info] [main] Using git "2.52.0" from "git"
2026-02-02 19:35:43.076 [info] [Model][doInitialScan] Initial repository scan started
2026-02-02 19:35:43.076 [info] > git rev-parse --show-toplevel [2ms]
2026-02-02 19:35:43.076 [info] fatal: not a git repository (or any of the parent directories): .git
2026-02-02 19:35:43.076 [info] > git rev-parse --show-toplevel [1ms]
2026-02-02 19:35:43.076 [info] fatal: not a git repository (or any of the parent directories): .git
2026-02-02 19:35:43.076 [info] > git rev-parse --show-toplevel [11ms]
2026-02-02 19:35:43.076 [info] fatal: not a git repository (or any of the parent directories): .git
2026-02-02 19:35:43.076 [info] > git rev-parse --show-toplevel [4ms]
2026-02-02 19:35:43.076 [info] fatal: not a git repository (or any of the parent directories): .git
2026-02-02 19:35:43.080 [info] > git rev-parse --show-toplevel [2ms]
2026-02-02 19:35:43.080 [info] fatal: not a git repository (or any of the parent directories): .git
2026-02-02 19:35:43.083 [info] > git rev-parse --show-toplevel [1ms]
2026-02-02 19:35:43.083 [info] fatal: not a git repository (or any of the parent directories): .git
2026-02-02 19:35:43.086 [info] > git rev-parse --show-toplevel [1ms]
2026-02-02 19:35:43.086 [info] fatal: not a git repository (or any of the parent directories): .git
2026-02-02 19:35:43.088 [info] > git rev-parse --show-toplevel [0ms]
2026-02-02 19:35:43.088 [info] fatal: not a git repository (or any of the parent directories): .git
2026-02-02 19:35:43.091 [info] > git rev-parse --show-toplevel [1ms]
2026-02-02 19:35:43.091 [info] fatal: not a git repository (or any of the parent directories): .git
2026-02-02 19:35:43.093 [info] > git rev-parse --show-toplevel [0ms]
2026-02-02 19:35:43.093 [info] fatal: not a git repository (or any of the parent directories): .git
2026-02-02 19:35:43.096 [info] > git rev-parse --show-toplevel [1ms]
2026-02-02 19:35:43.096 [info] fatal: not a git repository (or any of the parent directories): .git
2026-02-02 19:35:43.098 [info] > git rev-parse --show-toplevel [1ms]
2026-02-02 19:35:43.098 [info] fatal: not a git repository (or any of the parent directories): .git
2026-02-02 19:35:43.101 [info] > git rev-parse --show-toplevel [0ms]
2026-02-02 19:35:43.101 [info] fatal: not a git repository (or any of the parent directories): .git
2026-02-02 19:35:43.103 [info] > git rev-parse --show-toplevel [1ms]
2026-02-02 19:35:43.103 [info] fatal: not a git repository (or any of the parent directories): .git
2026-02-02 19:35:43.105 [info] > git rev-parse --show-toplevel [0ms]
2026-02-02 19:35:43.105 [info] fatal: not a git repository (or any of the parent directories): .git
2026-02-02 19:35:43.108 [info] > git rev-parse --show-toplevel [1ms]
2026-02-02 19:35:43.108 [info] fatal: not a git repository (or any of the parent directories): .git
2026-02-02 19:35:43.111 [info] > git rev-parse --show-toplevel [1ms]
2026-02-02 19:35:43.111 [info] fatal: not a git repository (or any of the parent directories): .git
2026-02-02 19:35:43.114 [info] > git rev-parse --show-toplevel [1ms]
2026-02-02 19:35:43.114 [info] fatal: not a git repository (or any of the parent directories): .git
2026-02-02 19:35:43.117 [info] > git rev-parse --show-toplevel [1ms]
2026-02-02 19:35:43.117 [info] fatal: not a git repository (or any of the parent directories): .git
2026-02-02 19:35:43.120 [info] > git rev-parse --show-toplevel [1ms]
2026-02-02 19:35:43.120 [info] fatal: not a git repository (or any of the parent directories): .git
2026-02-02 19:35:43.123 [info] > git rev-parse --show-toplevel [1ms]
2026-02-02 19:35:43.123 [info] fatal: not a git repository (or any of the parent directories): .git
2026-02-02 19:35:43.126 [info] > git rev-parse --show-toplevel [1ms]
2026-02-02 19:35:43.126 [info] fatal: not a git repository (or any of the parent directories): .git
2026-02-02 19:35:43.126 [info] [Model][doInitialScan] Initial repository scan completed - repositories (0), closed repositories (0), parent repositories (0), unsafe repositories (0)
2026-02-02 19:35:45.025 [info] > git rev-parse --show-toplevel [1ms]
2026-02-02 19:35:45.025 [info] fatal: not a git repository (or any of the parent directories): .git
