--------------------------------------------------------------------------------
[Jan 29, 2026 10:06:03.4 AM GMT:ERROR:creative_new_tab_page_ads_util.cc(158)] Successfully saved creative new tab page ads
[Jan 29, 2026 10:06:03.4 AM GMT:ERROR:creative_new_tab_page_ads_util.cc(143)] Successfully saved creative set conversions
--------------------------------------------------------------------------------
[Jan 29, 2026 10:14:01.3 AM GMT:ERROR:creative_new_tab_page_ads_util.cc(158)] Successfully saved creative new tab page ads
[Jan 29, 2026 10:14:01.3 AM GMT:ERROR:creative_new_tab_page_ads_util.cc(143)] Successfully saved creative set conversions
--------------------------------------------------------------------------------
[Jan 29, 2026 10:26:57.9 AM GMT:ERROR:creative_new_tab_page_ads_util.cc(158)] Successfully saved creative new tab page ads
[Jan 29, 2026 10:26:57.9 AM GMT:ERROR:creative_new_tab_page_ads_util.cc(143)] Successfully saved creative set conversions
--------------------------------------------------------------------------------
[Jan 29, 2026 10:40:17.4 AM GMT:ERROR:creative_new_tab_page_ads_util.cc(158)] Successfully saved creative new tab page ads
[Jan 29, 2026 10:40:17.4 AM GMT:ERROR:creative_new_tab_page_ads_util.cc(143)] Successfully saved creative set conversions
--------------------------------------------------------------------------------
[Jan 29, 2026 4:18:21.0 PM GMT:ERROR:creative_new_tab_page_ads_util.cc(158)] Successfully saved creative new tab page ads
[Jan 29, 2026 4:18:21.0 PM GMT:ERROR:creative_new_tab_page_ads_util.cc(143)] Successfully saved creative set conversions
--------------------------------------------------------------------------------
[Jan 30, 2026 3:16:55.7 AM GMT:ERROR:creative_new_tab_page_ads_util.cc(158)] Successfully saved creative new tab page ads
[Jan 30, 2026 3:16:55.7 AM GMT:ERROR:creative_new_tab_page_ads_util.cc(143)] Successfully saved creative set conversions
[Jan 30, 2026 4:16:57.9 AM GMT:ERROR:creative_new_tab_page_ads_util.cc(158)] Successfully saved creative new tab page ads
[Jan 30, 2026 4:16:57.9 AM GMT:ERROR:creative_new_tab_page_ads_util.cc(143)] Successfully saved creative set conversions
[Jan 30, 2026 3:31:57.0 PM GMT:ERROR:creative_new_tab_page_ads_util.cc(158)] Successfully saved creative new tab page ads
[Jan 30, 2026 3:31:57.0 PM GMT:ERROR:creative_new_tab_page_ads_util.cc(143)] Successfully saved creative set conversions
--------------------------------------------------------------------------------
[Jan 31, 2026 7:58:38.5 AM GMT:ERROR:creative_new_tab_page_ads_util.cc(158)] Successfully saved creative new tab page ads
[Jan 31, 2026 7:58:38.5 AM GMT:ERROR:creative_new_tab_page_ads_util.cc(143)] Successfully saved creative set conversions
[Jan 31, 2026 7:58:42.5 AM GMT:ERROR:creative_new_tab_page_ads_util.cc(158)] Successfully saved creative new tab page ads
[Jan 31, 2026 7:58:42.5 AM GMT:ERROR:creative_new_tab_page_ads_util.cc(143)] Successfully saved creative set conversions
--------------------------------------------------------------------------------
[Feb 01, 2026 9:13:39.0 AM GMT:ERROR:creative_new_tab_page_ads_util.cc(158)] Successfully saved creative new tab page ads
[Feb 01, 2026 9:13:39.0 AM GMT:ERROR:creative_new_tab_page_ads_util.cc(143)] Successfully saved creative set conversions
[Feb 01, 2026 9:13:41.8 AM GMT:ERROR:creative_new_tab_page_ads_util.cc(158)] Successfully saved creative new tab page ads
[Feb 01, 2026 9:13:41.8 AM GMT:ERROR:creative_new_tab_page_ads_util.cc(143)] Successfully saved creative set conversions
--------------------------------------------------------------------------------
[Feb 01, 2026 9:16:29.1 AM GMT:ERROR:creative_new_tab_page_ads_util.cc(158)] Successfully saved creative new tab page ads
[Feb 01, 2026 9:16:29.1 AM GMT:ERROR:creative_new_tab_page_ads_util.cc(143)] Successfully saved creative set conversions
--------------------------------------------------------------------------------
[Feb 01, 2026 9:35:43.6 AM GMT:ERROR:creative_new_tab_page_ads_util.cc(158)] Successfully saved creative new tab page ads
[Feb 01, 2026 9:35:43.6 AM GMT:ERROR:creative_new_tab_page_ads_util.cc(143)] Successfully saved creative set conversions
--------------------------------------------------------------------------------
[Feb 01, 2026 2:01:09.6 PM GMT:ERROR:creative_new_tab_page_ads_util.cc(158)] Successfully saved creative new tab page ads
[Feb 01, 2026 2:01:09.6 PM GMT:ERROR:creative_new_tab_page_ads_util.cc(143)] Successfully saved creative set conversions
--------------------------------------------------------------------------------
[Feb 02, 2026 5:05:20.2 AM GMT:ERROR:creative_new_tab_page_ads_util.cc(158)] Successfully saved creative new tab page ads
[Feb 02, 2026 5:05:20.2 AM GMT:ERROR:creative_new_tab_page_ads_util.cc(143)] Successfully saved creative set conversions
[Feb 02, 2026 5:05:27.2 AM GMT:ERROR:creative_new_tab_page_ads_util.cc(158)] Successfully saved creative new tab page ads
[Feb 02, 2026 5:05:27.2 AM GMT:ERROR:creative_new_tab_page_ads_util.cc(143)] Successfully saved creative set conversions
--------------------------------------------------------------------------------
[Feb 02, 2026 9:36:55.6 AM GMT:ERROR:creative_new_tab_page_ads_util.cc(158)] Successfully saved creative new tab page ads
[Feb 02, 2026 9:36:55.6 AM GMT:ERROR:creative_new_tab_page_ads_util.cc(143)] Successfully saved creative set conversions
--------------------------------------------------------------------------------
[Feb 02, 2026 10:57:39.2 AM GMT:ERROR:creative_new_tab_page_ads_util.cc(158)] Successfully saved creative new tab page ads
[Feb 02, 2026 10:57:39.2 AM GMT:ERROR:creative_new_tab_page_ads_util.cc(143)] Successfully saved creative set conversions
--------------------------------------------------------------------------------
[Feb 02, 2026 11:01:52.1 AM GMT:ERROR:creative_new_tab_page_ads_util.cc(158)] Successfully saved creative new tab page ads
[Feb 02, 2026 11:01:52.1 AM GMT:ERROR:creative_new_tab_page_ads_util.cc(143)] Successfully saved creative set conversions
--------------------------------------------------------------------------------
[Feb 02, 2026 12:11:29.7 PM GMT:ERROR:creative_new_tab_page_ads_util.cc(158)] Successfully saved creative new tab page ads
[Feb 02, 2026 12:11:29.7 PM GMT:ERROR:creative_new_tab_page_ads_util.cc(143)] Successfully saved creative set conversions
--------------------------------------------------------------------------------
[Feb 03, 2026 9:50:02.7 PM GMT:ERROR:creative_new_tab_page_ads_util.cc(158)] Successfully saved creative new tab page ads
[Feb 03, 2026 9:50:02.7 PM GMT:ERROR:creative_new_tab_page_ads_util.cc(143)] Successfully saved creative set conversions
[Feb 03, 2026 9:50:04.5 PM GMT:ERROR:creative_new_tab_page_ads_util.cc(158)] Successfully saved creative new tab page ads
[Feb 03, 2026 9:50:04.5 PM GMT:ERROR:creative_new_tab_page_ads_util.cc(143)] Successfully saved creative set conversions
--------------------------------------------------------------------------------
[Feb 04, 2026 3:59:18.0 AM GMT:ERROR:creative_new_tab_page_ads_util.cc(158)] Successfully saved creative new tab page ads
[Feb 04, 2026 3:59:18.0 AM GMT:ERROR:creative_new_tab_page_ads_util.cc(143)] Successfully saved creative set conversions
[Feb 04, 2026 4:29:20.6 AM GMT:ERROR:creative_new_tab_page_ads_util.cc(158)] Successfully saved creative new tab page ads
[Feb 04, 2026 4:29:20.6 AM GMT:ERROR:creative_new_tab_page_ads_util.cc(143)] Successfully saved creative set conversions
