2026-02-02 19:12:29.894 [info] [main] Log level: Info
2026-02-02 19:12:29.894 [info] [main] Validating found git in: "git"
2026-02-02 19:12:29.894 [info] [main] Using git "2.52.0" from "git"
2026-02-02 19:12:29.894 [info] [Model][doInitialScan] Initial repository scan started
2026-02-02 19:12:29.894 [info] > git rev-parse --show-toplevel [2ms]
2026-02-02 19:12:29.894 [info] fatal: not a git repository (or any of the parent directories): .git
2026-02-02 19:12:29.894 [info] [Model][doInitialScan] Initial repository scan completed - repositories (0), closed repositories (0), parent repositories (0), unsafe repositories (0)
2026-02-02 19:12:41.187 [info] [main] Log level: Info
2026-02-02 19:12:41.187 [info] [main] Validating found git in: "git"
2026-02-02 19:12:41.187 [info] [main] Using git "2.52.0" from "git"
2026-02-02 19:12:41.187 [info] [Model][doInitialScan] Initial repository scan started
2026-02-02 19:12:41.187 [info] > git rev-parse --show-toplevel [2ms]
2026-02-02 19:12:41.187 [info] fatal: not a git repository (or any of the parent directories): .git
2026-02-02 19:12:41.190 [info] > git rev-parse --show-toplevel [0ms]
2026-02-02 19:12:41.190 [info] fatal: not a git repository (or any of the parent directories): .git
2026-02-02 19:12:41.194 [info] > git rev-parse --show-toplevel [1ms]
2026-02-02 19:12:41.194 [info] fatal: not a git repository (or any of the parent directories): .git
2026-02-02 19:12:41.196 [info] > git rev-parse --show-toplevel [0ms]
2026-02-02 19:12:41.196 [info] fatal: not a git repository (or any of the parent directories): .git
2026-02-02 19:12:41.199 [info] > git rev-parse --show-toplevel [1ms]
2026-02-02 19:12:41.199 [info] fatal: not a git repository (or any of the parent directories): .git
2026-02-02 19:12:41.201 [info] > git rev-parse --show-toplevel [0ms]
2026-02-02 19:12:41.201 [info] fatal: not a git repository (or any of the parent directories): .git
2026-02-02 19:12:41.204 [info] > git rev-parse --show-toplevel [1ms]
2026-02-02 19:12:41.204 [info] fatal: not a git repository (or any of the parent directories): .git
2026-02-02 19:12:41.206 [info] > git rev-parse --show-toplevel [0ms]
2026-02-02 19:12:41.206 [info] fatal: not a git repository (or any of the parent directories): .git
2026-02-02 19:12:41.209 [info] > git rev-parse --show-toplevel [1ms]
2026-02-02 19:12:41.209 [info] fatal: not a git repository (or any of the parent directories): .git
2026-02-02 19:12:41.211 [info] > git rev-parse --show-toplevel [0ms]
2026-02-02 19:12:41.211 [info] fatal: not a git repository (or any of the parent directories): .git
2026-02-02 19:12:41.214 [info] > git rev-parse --show-toplevel [1ms]
2026-02-02 19:12:41.214 [info] fatal: not a git repository (or any of the parent directories): .git
2026-02-02 19:12:41.219 [info] > git rev-parse --show-toplevel [3ms]
2026-02-02 19:12:41.219 [info] fatal: not a git repository (or any of the parent directories): .git
2026-02-02 19:12:41.232 [info] > git rev-parse --show-toplevel [11ms]
2026-02-02 19:12:41.232 [info] fatal: not a git repository (or any of the parent directories): .git
2026-02-02 19:12:41.236 [info] > git rev-parse --show-toplevel [0ms]
2026-02-02 19:12:41.236 [info] fatal: not a git repository (or any of the parent directories): .git
2026-02-02 19:12:41.239 [info] > git rev-parse --show-toplevel [1ms]
2026-02-02 19:12:41.239 [info] fatal: not a git repository (or any of the parent directories): .git
2026-02-02 19:12:41.241 [info] > git rev-parse --show-toplevel [0ms]
2026-02-02 19:12:41.241 [info] fatal: not a git repository (or any of the parent directories): .git
2026-02-02 19:12:41.244 [info] > git rev-parse --show-toplevel [1ms]
2026-02-02 19:12:41.244 [info] fatal: not a git repository (or any of the parent directories): .git
2026-02-02 19:12:41.246 [info] > git rev-parse --show-toplevel [0ms]
2026-02-02 19:12:41.246 [info] fatal: not a git repository (or any of the parent directories): .git
2026-02-02 19:12:41.249 [info] > git rev-parse --show-toplevel [1ms]
2026-02-02 19:12:41.249 [info] fatal: not a git repository (or any of the parent directories): .git
2026-02-02 19:12:41.252 [info] > git rev-parse --show-toplevel [1ms]
2026-02-02 19:12:41.252 [info] fatal: not a git repository (or any of the parent directories): .git
2026-02-02 19:12:41.254 [info] > git rev-parse --show-toplevel [1ms]
2026-02-02 19:12:41.254 [info] fatal: not a git repository (or any of the parent directories): .git
2026-02-02 19:12:41.257 [info] > git rev-parse --show-toplevel [1ms]
2026-02-02 19:12:41.257 [info] fatal: not a git repository (or any of the parent directories): .git
2026-02-02 19:12:41.257 [info] [Model][doInitialScan] Initial repository scan completed - repositories (0), closed repositories (0), parent repositories (0), unsafe repositories (0)
2026-02-02 19:12:43.119 [info] > git rev-parse --show-toplevel [1ms]
2026-02-02 19:12:43.119 [info] fatal: not a git repository (or any of the parent directories): .git
2026-02-02 19:12:47.103 [info] > git rev-parse --show-toplevel [2ms]
2026-02-02 19:12:47.103 [info] fatal: not a git repository (or any of the parent directories): .git
