2026-02-02 17:59:59.112 [info] [main] Log level: Info
2026-02-02 17:59:59.112 [info] [main] Validating found git in: "git"
2026-02-02 17:59:59.112 [info] [main] Using git "2.52.0" from "git"
2026-02-02 17:59:59.112 [info] [Model][doInitialScan] Initial repository scan started
2026-02-02 17:59:59.112 [info] > git rev-parse --show-toplevel [2ms]
2026-02-02 17:59:59.112 [info] fatal: not a git repository (or any of the parent directories): .git
2026-02-02 17:59:59.112 [info] > git rev-parse --show-toplevel [0ms]
2026-02-02 17:59:59.112 [info] fatal: not a git repository (or any of the parent directories): .git
2026-02-02 17:59:59.112 [info] > git rev-parse --show-toplevel [0ms]
2026-02-02 17:59:59.112 [info] fatal: not a git repository (or any of the parent directories): .git
2026-02-02 17:59:59.112 [info] > git rev-parse --show-toplevel [1ms]
2026-02-02 17:59:59.112 [info] fatal: not a git repository (or any of the parent directories): .git
2026-02-02 17:59:59.112 [info] > git rev-parse --show-toplevel [1ms]
2026-02-02 17:59:59.112 [info] fatal: not a git repository (or any of the parent directories): .git
2026-02-02 17:59:59.112 [info] > git rev-parse --show-toplevel [0ms]
2026-02-02 17:59:59.112 [info] fatal: not a git repository (or any of the parent directories): .git
2026-02-02 17:59:59.112 [info] > git rev-parse --show-toplevel [0ms]
2026-02-02 17:59:59.112 [info] fatal: not a git repository (or any of the parent directories): .git
2026-02-02 17:59:59.112 [info] > git rev-parse --show-toplevel [1ms]
2026-02-02 17:59:59.112 [info] fatal: not a git repository (or any of the parent directories): .git
2026-02-02 17:59:59.112 [info] > git rev-parse --show-toplevel [0ms]
2026-02-02 17:59:59.112 [info] fatal: not a git repository (or any of the parent directories): .git
2026-02-02 17:59:59.112 [info] > git rev-parse --show-toplevel [1ms]
2026-02-02 17:59:59.112 [info] fatal: not a git repository (or any of the parent directories): .git
2026-02-02 17:59:59.112 [info] > git rev-parse --show-toplevel [0ms]
2026-02-02 17:59:59.112 [info] fatal: not a git repository (or any of the parent directories): .git
2026-02-02 17:59:59.112 [info] > git rev-parse --show-toplevel [3ms]
2026-02-02 17:59:59.112 [info] fatal: not a git repository (or any of the parent directories): .git
2026-02-02 17:59:59.113 [info] > git rev-parse --show-toplevel [11ms]
2026-02-02 17:59:59.113 [info] fatal: not a git repository (or any of the parent directories): .git
2026-02-02 17:59:59.117 [info] > git rev-parse --show-toplevel [1ms]
2026-02-02 17:59:59.117 [info] fatal: not a git repository (or any of the parent directories): .git
2026-02-02 17:59:59.119 [info] > git rev-parse --show-toplevel [0ms]
2026-02-02 17:59:59.119 [info] fatal: not a git repository (or any of the parent directories): .git
2026-02-02 17:59:59.122 [info] > git rev-parse --show-toplevel [1ms]
2026-02-02 17:59:59.122 [info] fatal: not a git repository (or any of the parent directories): .git
2026-02-02 17:59:59.124 [info] > git rev-parse --show-toplevel [1ms]
2026-02-02 17:59:59.124 [info] fatal: not a git repository (or any of the parent directories): .git
2026-02-02 17:59:59.126 [info] > git rev-parse --show-toplevel [0ms]
2026-02-02 17:59:59.126 [info] fatal: not a git repository (or any of the parent directories): .git
2026-02-02 17:59:59.129 [info] > git rev-parse --show-toplevel [1ms]
2026-02-02 17:59:59.129 [info] fatal: not a git repository (or any of the parent directories): .git
2026-02-02 17:59:59.131 [info] > git rev-parse --show-toplevel [1ms]
2026-02-02 17:59:59.131 [info] fatal: not a git repository (or any of the parent directories): .git
2026-02-02 17:59:59.133 [info] > git rev-parse --show-toplevel [1ms]
2026-02-02 17:59:59.133 [info] fatal: not a git repository (or any of the parent directories): .git
2026-02-02 17:59:59.133 [info] [Model][doInitialScan] Initial repository scan completed - repositories (0), closed repositories (0), parent repositories (0), unsafe repositories (0)
2026-02-02 18:00:00.958 [info] > git rev-parse --show-toplevel [1ms]
2026-02-02 18:00:00.958 [info] fatal: not a git repository (or any of the parent directories): .git
