2026-02-02 19:12:29.748 [info] Extension host with pid 33634 started
2026-02-02 19:12:29.770 [info] ExtensionService#_doActivateExtension vscode.github-authentication, startup: false, activationEvent: 'onAuthenticationRequest:github'
2026-02-02 19:12:29.785 [info] ExtensionService#_doActivateExtension vscode.emmet, startup: false, activationEvent: 'onLanguage'
2026-02-02 19:12:29.811 [info] ExtensionService#_doActivateExtension vscode.git-base, startup: true, activationEvent: '*', root cause: vscode.git
2026-02-02 19:12:29.818 [info] ExtensionService#_doActivateExtension vscode.git, startup: true, activationEvent: '*'
2026-02-02 19:12:29.845 [info] ExtensionService#_doActivateExtension vscode.github, startup: true, activationEvent: '*'
2026-02-02 19:12:29.897 [info] Eager extensions activated
2026-02-02 19:12:29.900 [info] ExtensionService#_doActivateExtension vscode.debug-auto-launch, startup: false, activationEvent: 'onStartupFinished'
2026-02-02 19:12:29.901 [info] ExtensionService#_doActivateExtension vscode.merge-conflict, startup: false, activationEvent: 'onStartupFinished'
2026-02-02 19:12:40.344 [info] Extension host terminating: renderer closed the MessagePort
2026-02-02 19:12:40.348 [info] Extension host with pid 33634 exiting with code 0
2026-02-02 19:12:40.912 [info] Extension host with pid 35701 started
2026-02-02 19:12:40.912 [info] Skipping acquiring lock for /home/danny/.config/Code - OSS/User/workspaceStorage/ec61bd6c375d4201561eb63c85b5a2bf.
2026-02-02 19:12:40.923 [info] ExtensionService#_doActivateExtension vscode.github-authentication, startup: false, activationEvent: 'onAuthenticationRequest:github'
2026-02-02 19:12:40.938 [info] ExtensionService#_doActivateExtension vscode.emmet, startup: false, activationEvent: 'onLanguage'
2026-02-02 19:12:40.947 [info] ExtensionService#_doActivateExtension vscode.configuration-editing, startup: false, activationEvent: 'onLanguage:jsonc'
2026-02-02 19:12:40.951 [info] ExtensionService#_doActivateExtension vscode.json-language-features, startup: false, activationEvent: 'onLanguage:jsonc'
2026-02-02 19:12:40.984 [info] ExtensionService#_doActivateExtension vscode.typescript-language-features, startup: false, activationEvent: 'onLanguage:jsonc'
2026-02-02 19:12:41.132 [info] ExtensionService#_doActivateExtension vscode.git-base, startup: true, activationEvent: '*', root cause: vscode.git
2026-02-02 19:12:41.134 [info] ExtensionService#_doActivateExtension vscode.git, startup: true, activationEvent: '*'
2026-02-02 19:12:41.159 [info] ExtensionService#_doActivateExtension vscode.github, startup: true, activationEvent: '*'
2026-02-02 19:12:41.218 [info] Eager extensions activated
2026-02-02 19:12:41.221 [info] ExtensionService#_doActivateExtension vscode.debug-auto-launch, startup: false, activationEvent: 'onStartupFinished'
2026-02-02 19:12:41.222 [info] ExtensionService#_doActivateExtension vscode.merge-conflict, startup: false, activationEvent: 'onStartupFinished'
2026-02-02 19:32:52.959 [info] Extension host terminating: renderer closed the MessagePort
2026-02-02 19:32:52.969 [info] Extension host with pid 35701 exiting with code 0
